INFO [2023-02-03 17:34:57] $x
INFO [2023-02-03 17:34:57] list(DEG = DEG$term, DMG = DMG$term)
INFO [2023-02-03 17:34:57] 
INFO [2023-02-03 17:34:57] $filename
INFO [2023-02-03 17:34:57] [1] "RAnalysis/Output/meth_express_compare/venn_diagram.png"
INFO [2023-02-03 17:34:57] 
INFO [2023-02-03 17:34:57] $category.names
INFO [2023-02-03 17:34:57] c("DEG GO terms", "DMG GO terms")
INFO [2023-02-03 17:34:57] 
INFO [2023-02-03 17:34:57] $output
INFO [2023-02-03 17:34:57] [1] TRUE
INFO [2023-02-03 17:34:57] 
INFO [2023-02-03 17:34:57] $col
INFO [2023-02-03 17:34:57] [1] "black"
INFO [2023-02-03 17:34:57] 
INFO [2023-02-03 17:34:57] $fill
INFO [2023-02-03 17:34:57] c("dodgerblue", "goldenrod1")
INFO [2023-02-03 17:34:57] 
INFO [2023-02-03 17:34:57] $cat.default.pos
INFO [2023-02-03 17:34:57] [1] "outer"
INFO [2023-02-03 17:34:57] 
INFO [2023-02-03 17:34:57] $cat.fontface
INFO [2023-02-03 17:34:57] [1] "bold"
INFO [2023-02-03 17:34:57] 
INFO [2023-02-03 17:34:57] $cat.pos
INFO [2023-02-03 17:34:57] c(-18, 18)
INFO [2023-02-03 17:34:57] 
INFO [2023-02-03 17:34:57] $cat.dist
INFO [2023-02-03 17:34:57] c(0.055, 0.055)
INFO [2023-02-03 17:34:57] 
