INFO [2023-02-03 16:12:07] $x
INFO [2023-02-03 16:12:07] list(DEG = DEG$term, DMG = DMG$term)
INFO [2023-02-03 16:12:07] 
INFO [2023-02-03 16:12:07] $filename
INFO [2023-02-03 16:12:07] [1] "RAnalysis/Output/meth_express_compare/venn_diagram.png"
INFO [2023-02-03 16:12:07] 
INFO [2023-02-03 16:12:07] $category.names
INFO [2023-02-03 16:12:07] c("DEG GO terms", "DMG GO terms")
INFO [2023-02-03 16:12:07] 
INFO [2023-02-03 16:12:07] $output
INFO [2023-02-03 16:12:07] [1] TRUE
INFO [2023-02-03 16:12:07] 
INFO [2023-02-03 16:12:07] $col
INFO [2023-02-03 16:12:07] [1] "black"
INFO [2023-02-03 16:12:07] 
INFO [2023-02-03 16:12:07] $fill
INFO [2023-02-03 16:12:07] c("dodgerblue", "goldenrod1")
INFO [2023-02-03 16:12:07] 
INFO [2023-02-03 16:12:07] $cat.default.pos
INFO [2023-02-03 16:12:07] [1] "outer"
INFO [2023-02-03 16:12:07] 
INFO [2023-02-03 16:12:07] $cat.fontface
INFO [2023-02-03 16:12:07] [1] "bold"
INFO [2023-02-03 16:12:07] 
INFO [2023-02-03 16:12:07] $cat.pos
INFO [2023-02-03 16:12:07] c(-18, 18)
INFO [2023-02-03 16:12:07] 
INFO [2023-02-03 16:12:07] $cat.dist
INFO [2023-02-03 16:12:07] c(0.055, 0.055)
INFO [2023-02-03 16:12:07] 
