INFO [2023-01-24 13:16:20] $x
INFO [2023-01-24 13:16:20] list(DEG = DEG$term, DMG = DMG$term)
INFO [2023-01-24 13:16:20] 
INFO [2023-01-24 13:16:20] $filename
INFO [2023-01-24 13:16:20] [1] "RAnalysis/Output/meth_express_compare/venn_diagram.png"
INFO [2023-01-24 13:16:20] 
INFO [2023-01-24 13:16:20] $category.names
INFO [2023-01-24 13:16:20] c("DEG GO terms", "DMG GO terms")
INFO [2023-01-24 13:16:20] 
INFO [2023-01-24 13:16:20] $output
INFO [2023-01-24 13:16:20] [1] TRUE
INFO [2023-01-24 13:16:20] 
INFO [2023-01-24 13:16:20] $col
INFO [2023-01-24 13:16:20] [1] "black"
INFO [2023-01-24 13:16:20] 
INFO [2023-01-24 13:16:20] $fill
INFO [2023-01-24 13:16:20] c("dodgerblue", "goldenrod1")
INFO [2023-01-24 13:16:20] 
INFO [2023-01-24 13:16:20] $cat.default.pos
INFO [2023-01-24 13:16:20] [1] "outer"
INFO [2023-01-24 13:16:20] 
INFO [2023-01-24 13:16:20] $cat.fontface
INFO [2023-01-24 13:16:20] [1] "bold"
INFO [2023-01-24 13:16:20] 
INFO [2023-01-24 13:16:20] $cat.pos
INFO [2023-01-24 13:16:20] c(-18, 18)
INFO [2023-01-24 13:16:20] 
INFO [2023-01-24 13:16:20] $cat.dist
INFO [2023-01-24 13:16:20] c(0.055, 0.055)
INFO [2023-01-24 13:16:20] 
