INFO [2023-03-03 11:27:37] $x
INFO [2023-03-03 11:27:37] list(DEG = DEG$term, DMG = DMG$term)
INFO [2023-03-03 11:27:37] 
INFO [2023-03-03 11:27:37] $filename
INFO [2023-03-03 11:27:37] [1] "RAnalysis/Output/meth_express_compare/venn_diagram.png"
INFO [2023-03-03 11:27:37] 
INFO [2023-03-03 11:27:37] $category.names
INFO [2023-03-03 11:27:37] c("DEG GO terms", "DMG GO terms")
INFO [2023-03-03 11:27:37] 
INFO [2023-03-03 11:27:37] $output
INFO [2023-03-03 11:27:37] [1] TRUE
INFO [2023-03-03 11:27:37] 
INFO [2023-03-03 11:27:37] $col
INFO [2023-03-03 11:27:37] [1] "black"
INFO [2023-03-03 11:27:37] 
INFO [2023-03-03 11:27:37] $fill
INFO [2023-03-03 11:27:37] c("dodgerblue", "goldenrod1")
INFO [2023-03-03 11:27:37] 
INFO [2023-03-03 11:27:37] $cat.default.pos
INFO [2023-03-03 11:27:37] [1] "outer"
INFO [2023-03-03 11:27:37] 
INFO [2023-03-03 11:27:37] $cat.fontface
INFO [2023-03-03 11:27:37] [1] "bold"
INFO [2023-03-03 11:27:37] 
INFO [2023-03-03 11:27:37] $cat.pos
INFO [2023-03-03 11:27:37] c(-18, 18)
INFO [2023-03-03 11:27:37] 
INFO [2023-03-03 11:27:37] $cat.dist
INFO [2023-03-03 11:27:37] c(0.055, 0.055)
INFO [2023-03-03 11:27:37] 
