INFO [2023-01-25 12:58:59] $x
INFO [2023-01-25 12:58:59] list(DEG = DEG$term, DMG = DMG$term)
INFO [2023-01-25 12:58:59] 
INFO [2023-01-25 12:58:59] $filename
INFO [2023-01-25 12:58:59] [1] "RAnalysis/Output/meth_express_compare/venn_diagram.png"
INFO [2023-01-25 12:58:59] 
INFO [2023-01-25 12:58:59] $category.names
INFO [2023-01-25 12:58:59] c("DEG GO terms", "DMG GO terms")
INFO [2023-01-25 12:58:59] 
INFO [2023-01-25 12:58:59] $output
INFO [2023-01-25 12:58:59] [1] TRUE
INFO [2023-01-25 12:58:59] 
INFO [2023-01-25 12:58:59] $col
INFO [2023-01-25 12:58:59] [1] "black"
INFO [2023-01-25 12:58:59] 
INFO [2023-01-25 12:58:59] $fill
INFO [2023-01-25 12:58:59] c("dodgerblue", "goldenrod1")
INFO [2023-01-25 12:58:59] 
INFO [2023-01-25 12:58:59] $cat.default.pos
INFO [2023-01-25 12:58:59] [1] "outer"
INFO [2023-01-25 12:58:59] 
INFO [2023-01-25 12:58:59] $cat.fontface
INFO [2023-01-25 12:58:59] [1] "bold"
INFO [2023-01-25 12:58:59] 
INFO [2023-01-25 12:58:59] $cat.pos
INFO [2023-01-25 12:58:59] c(-18, 18)
INFO [2023-01-25 12:58:59] 
INFO [2023-01-25 12:58:59] $cat.dist
INFO [2023-01-25 12:58:59] c(0.055, 0.055)
INFO [2023-01-25 12:58:59] 
