INFO [2023-02-01 15:38:45] $x
INFO [2023-02-01 15:38:45] list(DEG = DEG$term, DMG = DMG$term)
INFO [2023-02-01 15:38:45] 
INFO [2023-02-01 15:38:45] $filename
INFO [2023-02-01 15:38:45] [1] "RAnalysis/Output/meth_express_compare/venn_diagram.png"
INFO [2023-02-01 15:38:45] 
INFO [2023-02-01 15:38:45] $category.names
INFO [2023-02-01 15:38:45] c("DEG GO terms", "DMG GO terms")
INFO [2023-02-01 15:38:45] 
INFO [2023-02-01 15:38:45] $output
INFO [2023-02-01 15:38:45] [1] TRUE
INFO [2023-02-01 15:38:45] 
INFO [2023-02-01 15:38:45] $col
INFO [2023-02-01 15:38:45] [1] "black"
INFO [2023-02-01 15:38:45] 
INFO [2023-02-01 15:38:45] $fill
INFO [2023-02-01 15:38:45] c("dodgerblue", "goldenrod1")
INFO [2023-02-01 15:38:45] 
INFO [2023-02-01 15:38:45] $cat.default.pos
INFO [2023-02-01 15:38:45] [1] "outer"
INFO [2023-02-01 15:38:45] 
INFO [2023-02-01 15:38:45] $cat.fontface
INFO [2023-02-01 15:38:45] [1] "bold"
INFO [2023-02-01 15:38:45] 
INFO [2023-02-01 15:38:45] $cat.pos
INFO [2023-02-01 15:38:45] c(-18, 18)
INFO [2023-02-01 15:38:45] 
INFO [2023-02-01 15:38:45] $cat.dist
INFO [2023-02-01 15:38:45] c(0.055, 0.055)
INFO [2023-02-01 15:38:45] 
