INFO [2023-01-24 12:16:22] $x
INFO [2023-01-24 12:16:22] list(DEG = DEG$term, DMG = DMG$term)
INFO [2023-01-24 12:16:22] 
INFO [2023-01-24 12:16:22] $filename
INFO [2023-01-24 12:16:22] [1] "RAnalysis/Output/meth_express_compare/venn_diagram.png"
INFO [2023-01-24 12:16:22] 
INFO [2023-01-24 12:16:22] $category.names
INFO [2023-01-24 12:16:22] c("DEG GO terms", "DMG GO terms")
INFO [2023-01-24 12:16:22] 
INFO [2023-01-24 12:16:22] $output
INFO [2023-01-24 12:16:22] [1] TRUE
INFO [2023-01-24 12:16:22] 
INFO [2023-01-24 12:16:22] $col
INFO [2023-01-24 12:16:22] [1] "black"
INFO [2023-01-24 12:16:22] 
INFO [2023-01-24 12:16:22] $fill
INFO [2023-01-24 12:16:22] c("dodgerblue", "goldenrod1")
INFO [2023-01-24 12:16:22] 
INFO [2023-01-24 12:16:22] $cat.default.pos
INFO [2023-01-24 12:16:22] [1] "outer"
INFO [2023-01-24 12:16:22] 
INFO [2023-01-24 12:16:22] $cat.fontface
INFO [2023-01-24 12:16:22] [1] "bold"
INFO [2023-01-24 12:16:22] 
INFO [2023-01-24 12:16:22] $cat.pos
INFO [2023-01-24 12:16:22] c(-18, 18)
INFO [2023-01-24 12:16:22] 
INFO [2023-01-24 12:16:22] $cat.dist
INFO [2023-01-24 12:16:22] c(0.055, 0.055)
INFO [2023-01-24 12:16:22] 
