INFO [2023-02-03 16:14:34] $x
INFO [2023-02-03 16:14:34] list(DEG = DEG$term, DMG = DMG$term)
INFO [2023-02-03 16:14:34] 
INFO [2023-02-03 16:14:34] $filename
INFO [2023-02-03 16:14:34] [1] "RAnalysis/Output/meth_express_compare/venn_diagram.png"
INFO [2023-02-03 16:14:34] 
INFO [2023-02-03 16:14:34] $category.names
INFO [2023-02-03 16:14:34] c("DEG GO terms", "DMG GO terms")
INFO [2023-02-03 16:14:34] 
INFO [2023-02-03 16:14:34] $output
INFO [2023-02-03 16:14:34] [1] TRUE
INFO [2023-02-03 16:14:34] 
INFO [2023-02-03 16:14:34] $col
INFO [2023-02-03 16:14:34] [1] "black"
INFO [2023-02-03 16:14:34] 
INFO [2023-02-03 16:14:34] $fill
INFO [2023-02-03 16:14:34] c("dodgerblue", "goldenrod1")
INFO [2023-02-03 16:14:34] 
INFO [2023-02-03 16:14:34] $cat.default.pos
INFO [2023-02-03 16:14:34] [1] "outer"
INFO [2023-02-03 16:14:34] 
INFO [2023-02-03 16:14:34] $cat.fontface
INFO [2023-02-03 16:14:34] [1] "bold"
INFO [2023-02-03 16:14:34] 
INFO [2023-02-03 16:14:34] $cat.pos
INFO [2023-02-03 16:14:34] c(-18, 18)
INFO [2023-02-03 16:14:34] 
INFO [2023-02-03 16:14:34] $cat.dist
INFO [2023-02-03 16:14:34] c(0.055, 0.055)
INFO [2023-02-03 16:14:34] 
