INFO [2023-02-03 10:28:43] $x
INFO [2023-02-03 10:28:43] list(DEG = DEG$term, DMG = DMG$term)
INFO [2023-02-03 10:28:43] 
INFO [2023-02-03 10:28:43] $filename
INFO [2023-02-03 10:28:43] [1] "RAnalysis/Output/meth_express_compare/venn_diagram.png"
INFO [2023-02-03 10:28:43] 
INFO [2023-02-03 10:28:43] $category.names
INFO [2023-02-03 10:28:43] c("DEG GO terms", "DMG GO terms")
INFO [2023-02-03 10:28:43] 
INFO [2023-02-03 10:28:43] $output
INFO [2023-02-03 10:28:43] [1] TRUE
INFO [2023-02-03 10:28:43] 
INFO [2023-02-03 10:28:43] $col
INFO [2023-02-03 10:28:43] [1] "black"
INFO [2023-02-03 10:28:43] 
INFO [2023-02-03 10:28:43] $fill
INFO [2023-02-03 10:28:43] c("dodgerblue", "goldenrod1")
INFO [2023-02-03 10:28:43] 
INFO [2023-02-03 10:28:43] $cat.default.pos
INFO [2023-02-03 10:28:43] [1] "outer"
INFO [2023-02-03 10:28:43] 
INFO [2023-02-03 10:28:43] $cat.fontface
INFO [2023-02-03 10:28:43] [1] "bold"
INFO [2023-02-03 10:28:43] 
INFO [2023-02-03 10:28:43] $cat.pos
INFO [2023-02-03 10:28:43] c(-18, 18)
INFO [2023-02-03 10:28:43] 
INFO [2023-02-03 10:28:43] $cat.dist
INFO [2023-02-03 10:28:43] c(0.055, 0.055)
INFO [2023-02-03 10:28:43] 
