INFO [2023-02-27 15:16:14] $x
INFO [2023-02-27 15:16:14] list(DEG = DEG$term, DMG = DMG$term)
INFO [2023-02-27 15:16:14] 
INFO [2023-02-27 15:16:14] $filename
INFO [2023-02-27 15:16:14] [1] "RAnalysis/Output/meth_express_compare/venn_diagram.png"
INFO [2023-02-27 15:16:14] 
INFO [2023-02-27 15:16:14] $category.names
INFO [2023-02-27 15:16:14] c("DEG GO terms", "DMG GO terms")
INFO [2023-02-27 15:16:14] 
INFO [2023-02-27 15:16:14] $output
INFO [2023-02-27 15:16:14] [1] TRUE
INFO [2023-02-27 15:16:14] 
INFO [2023-02-27 15:16:14] $col
INFO [2023-02-27 15:16:14] [1] "black"
INFO [2023-02-27 15:16:14] 
INFO [2023-02-27 15:16:14] $fill
INFO [2023-02-27 15:16:14] c("dodgerblue", "goldenrod1")
INFO [2023-02-27 15:16:14] 
INFO [2023-02-27 15:16:14] $cat.default.pos
INFO [2023-02-27 15:16:14] [1] "outer"
INFO [2023-02-27 15:16:14] 
INFO [2023-02-27 15:16:14] $cat.fontface
INFO [2023-02-27 15:16:14] [1] "bold"
INFO [2023-02-27 15:16:14] 
INFO [2023-02-27 15:16:14] $cat.pos
INFO [2023-02-27 15:16:14] c(-18, 18)
INFO [2023-02-27 15:16:14] 
INFO [2023-02-27 15:16:14] $cat.dist
INFO [2023-02-27 15:16:14] c(0.055, 0.055)
INFO [2023-02-27 15:16:14] 
