INFO [2023-01-25 12:56:38] $x
INFO [2023-01-25 12:56:38] list(DEG = DEG$term, DMG = DMG$term)
INFO [2023-01-25 12:56:38] 
INFO [2023-01-25 12:56:38] $filename
INFO [2023-01-25 12:56:38] [1] "RAnalysis/Output/meth_express_compare/venn_diagram.png"
INFO [2023-01-25 12:56:38] 
INFO [2023-01-25 12:56:38] $category.names
INFO [2023-01-25 12:56:38] c("DEG GO terms", "DMG GO terms")
INFO [2023-01-25 12:56:38] 
INFO [2023-01-25 12:56:38] $output
INFO [2023-01-25 12:56:38] [1] TRUE
INFO [2023-01-25 12:56:38] 
INFO [2023-01-25 12:56:38] $col
INFO [2023-01-25 12:56:38] [1] "black"
INFO [2023-01-25 12:56:38] 
INFO [2023-01-25 12:56:38] $fill
INFO [2023-01-25 12:56:38] c("dodgerblue", "goldenrod1")
INFO [2023-01-25 12:56:38] 
INFO [2023-01-25 12:56:38] $cat.default.pos
INFO [2023-01-25 12:56:38] [1] "outer"
INFO [2023-01-25 12:56:38] 
INFO [2023-01-25 12:56:38] $cat.fontface
INFO [2023-01-25 12:56:38] [1] "bold"
INFO [2023-01-25 12:56:38] 
INFO [2023-01-25 12:56:38] $cat.pos
INFO [2023-01-25 12:56:38] c(-18, 18)
INFO [2023-01-25 12:56:38] 
INFO [2023-01-25 12:56:38] $cat.dist
INFO [2023-01-25 12:56:38] c(0.055, 0.055)
INFO [2023-01-25 12:56:38] 
