INFO [2023-07-12 11:54:33] $x
INFO [2023-07-12 11:54:33] list(DEG = DEG$term, DMG = DMG$term)
INFO [2023-07-12 11:54:33] 
INFO [2023-07-12 11:54:33] $filename
INFO [2023-07-12 11:54:33] [1] "RAnalysis/Output/meth_express_compare/venn_diagram.png"
INFO [2023-07-12 11:54:33] 
INFO [2023-07-12 11:54:33] $category.names
INFO [2023-07-12 11:54:33] c("DEG GO terms", "DMG GO terms")
INFO [2023-07-12 11:54:33] 
INFO [2023-07-12 11:54:33] $output
INFO [2023-07-12 11:54:33] [1] TRUE
INFO [2023-07-12 11:54:33] 
INFO [2023-07-12 11:54:33] $col
INFO [2023-07-12 11:54:33] [1] "black"
INFO [2023-07-12 11:54:33] 
INFO [2023-07-12 11:54:33] $fill
INFO [2023-07-12 11:54:33] c("dodgerblue", "goldenrod1")
INFO [2023-07-12 11:54:33] 
INFO [2023-07-12 11:54:33] $cat.default.pos
INFO [2023-07-12 11:54:33] [1] "outer"
INFO [2023-07-12 11:54:33] 
INFO [2023-07-12 11:54:33] $cat.fontface
INFO [2023-07-12 11:54:33] [1] "bold"
INFO [2023-07-12 11:54:33] 
INFO [2023-07-12 11:54:33] $cat.pos
INFO [2023-07-12 11:54:33] c(-18, 18)
INFO [2023-07-12 11:54:33] 
INFO [2023-07-12 11:54:33] $cat.dist
INFO [2023-07-12 11:54:33] c(0.055, 0.055)
INFO [2023-07-12 11:54:33] 
