INFO [2023-02-03 12:37:16] $x
INFO [2023-02-03 12:37:16] list(DEG = DEG$term, DMG = DMG$term)
INFO [2023-02-03 12:37:16] 
INFO [2023-02-03 12:37:16] $filename
INFO [2023-02-03 12:37:16] [1] "RAnalysis/Output/meth_express_compare/venn_diagram.png"
INFO [2023-02-03 12:37:16] 
INFO [2023-02-03 12:37:16] $category.names
INFO [2023-02-03 12:37:16] c("DEG GO terms", "DMG GO terms")
INFO [2023-02-03 12:37:16] 
INFO [2023-02-03 12:37:16] $output
INFO [2023-02-03 12:37:16] [1] TRUE
INFO [2023-02-03 12:37:16] 
INFO [2023-02-03 12:37:16] $col
INFO [2023-02-03 12:37:16] [1] "black"
INFO [2023-02-03 12:37:16] 
INFO [2023-02-03 12:37:16] $fill
INFO [2023-02-03 12:37:16] c("dodgerblue", "goldenrod1")
INFO [2023-02-03 12:37:16] 
INFO [2023-02-03 12:37:16] $cat.default.pos
INFO [2023-02-03 12:37:16] [1] "outer"
INFO [2023-02-03 12:37:16] 
INFO [2023-02-03 12:37:16] $cat.fontface
INFO [2023-02-03 12:37:16] [1] "bold"
INFO [2023-02-03 12:37:16] 
INFO [2023-02-03 12:37:16] $cat.pos
INFO [2023-02-03 12:37:16] c(-18, 18)
INFO [2023-02-03 12:37:16] 
INFO [2023-02-03 12:37:16] $cat.dist
INFO [2023-02-03 12:37:16] c(0.055, 0.055)
INFO [2023-02-03 12:37:16] 
