INFO [2023-01-23 14:51:38] $x
INFO [2023-01-23 14:51:38] list(DEG = DEG$term, DMG = DMG$term)
INFO [2023-01-23 14:51:38] 
INFO [2023-01-23 14:51:38] $filename
INFO [2023-01-23 14:51:38] [1] "RAnalysis/Output/meth_express_compare/venn_diagram.png"
INFO [2023-01-23 14:51:38] 
INFO [2023-01-23 14:51:38] $category.names
INFO [2023-01-23 14:51:38] c("DEG GO terms", "DMG GO terms")
INFO [2023-01-23 14:51:38] 
INFO [2023-01-23 14:51:38] $col
INFO [2023-01-23 14:51:38] [1] "black"
INFO [2023-01-23 14:51:38] 
INFO [2023-01-23 14:51:38] $fill
INFO [2023-01-23 14:51:38] c("dodgerblue", "goldenrod1")
INFO [2023-01-23 14:51:38] 
INFO [2023-01-23 14:51:38] $cat.col
INFO [2023-01-23 14:51:38] c("dodgerblue", "goldenrod1")
INFO [2023-01-23 14:51:38] 
INFO [2023-01-23 14:51:38] [[7]]
INFO [2023-01-23 14:51:38] 
INFO [2023-01-23 14:51:38] 
