INFO [2023-06-26 14:46:52] $x
INFO [2023-06-26 14:46:52] list(DEG = DEG$term, DMG = DMG$term)
INFO [2023-06-26 14:46:52] 
INFO [2023-06-26 14:46:52] $filename
INFO [2023-06-26 14:46:52] [1] "RAnalysis/Output/meth_express_compare/venn_diagram.png"
INFO [2023-06-26 14:46:52] 
INFO [2023-06-26 14:46:52] $category.names
INFO [2023-06-26 14:46:52] c("DEG GO terms", "DMG GO terms")
INFO [2023-06-26 14:46:52] 
INFO [2023-06-26 14:46:52] $output
INFO [2023-06-26 14:46:52] [1] TRUE
INFO [2023-06-26 14:46:52] 
INFO [2023-06-26 14:46:52] $col
INFO [2023-06-26 14:46:52] [1] "black"
INFO [2023-06-26 14:46:52] 
INFO [2023-06-26 14:46:52] $fill
INFO [2023-06-26 14:46:52] c("dodgerblue", "goldenrod1")
INFO [2023-06-26 14:46:52] 
INFO [2023-06-26 14:46:52] $cat.default.pos
INFO [2023-06-26 14:46:52] [1] "outer"
INFO [2023-06-26 14:46:52] 
INFO [2023-06-26 14:46:52] $cat.fontface
INFO [2023-06-26 14:46:52] [1] "bold"
INFO [2023-06-26 14:46:52] 
INFO [2023-06-26 14:46:52] $cat.pos
INFO [2023-06-26 14:46:52] c(-18, 18)
INFO [2023-06-26 14:46:52] 
INFO [2023-06-26 14:46:52] $cat.dist
INFO [2023-06-26 14:46:52] c(0.055, 0.055)
INFO [2023-06-26 14:46:52] 
