INFO [2023-03-03 10:52:29] $x
INFO [2023-03-03 10:52:29] list(DEG = DEG$term, DMG = DMG$term)
INFO [2023-03-03 10:52:29] 
INFO [2023-03-03 10:52:29] $filename
INFO [2023-03-03 10:52:29] [1] "RAnalysis/Output/meth_express_compare/venn_diagram.png"
INFO [2023-03-03 10:52:29] 
INFO [2023-03-03 10:52:29] $category.names
INFO [2023-03-03 10:52:29] c("DEG GO terms", "DMG GO terms")
INFO [2023-03-03 10:52:29] 
INFO [2023-03-03 10:52:29] $output
INFO [2023-03-03 10:52:29] [1] TRUE
INFO [2023-03-03 10:52:29] 
INFO [2023-03-03 10:52:29] $col
INFO [2023-03-03 10:52:29] [1] "black"
INFO [2023-03-03 10:52:29] 
INFO [2023-03-03 10:52:29] $fill
INFO [2023-03-03 10:52:29] c("dodgerblue", "goldenrod1")
INFO [2023-03-03 10:52:29] 
INFO [2023-03-03 10:52:29] $cat.default.pos
INFO [2023-03-03 10:52:29] [1] "outer"
INFO [2023-03-03 10:52:29] 
INFO [2023-03-03 10:52:29] $cat.fontface
INFO [2023-03-03 10:52:29] [1] "bold"
INFO [2023-03-03 10:52:29] 
INFO [2023-03-03 10:52:29] $cat.pos
INFO [2023-03-03 10:52:29] c(-18, 18)
INFO [2023-03-03 10:52:29] 
INFO [2023-03-03 10:52:29] $cat.dist
INFO [2023-03-03 10:52:29] c(0.055, 0.055)
INFO [2023-03-03 10:52:29] 
