INFO [2023-01-25 11:40:13] $x
INFO [2023-01-25 11:40:13] list(DEG = DEG$term, DMG = DMG$term)
INFO [2023-01-25 11:40:13] 
INFO [2023-01-25 11:40:13] $filename
INFO [2023-01-25 11:40:13] [1] "RAnalysis/Output/meth_express_compare/venn_diagram.png"
INFO [2023-01-25 11:40:13] 
INFO [2023-01-25 11:40:13] $category.names
INFO [2023-01-25 11:40:13] c("DEG GO terms", "DMG GO terms")
INFO [2023-01-25 11:40:13] 
INFO [2023-01-25 11:40:13] $output
INFO [2023-01-25 11:40:13] [1] TRUE
INFO [2023-01-25 11:40:13] 
INFO [2023-01-25 11:40:13] $col
INFO [2023-01-25 11:40:13] [1] "black"
INFO [2023-01-25 11:40:13] 
INFO [2023-01-25 11:40:13] $fill
INFO [2023-01-25 11:40:13] c("dodgerblue", "goldenrod1")
INFO [2023-01-25 11:40:13] 
INFO [2023-01-25 11:40:13] $cat.default.pos
INFO [2023-01-25 11:40:13] [1] "outer"
INFO [2023-01-25 11:40:13] 
INFO [2023-01-25 11:40:13] $cat.fontface
INFO [2023-01-25 11:40:13] [1] "bold"
INFO [2023-01-25 11:40:13] 
INFO [2023-01-25 11:40:13] $cat.pos
INFO [2023-01-25 11:40:13] c(-18, 18)
INFO [2023-01-25 11:40:13] 
INFO [2023-01-25 11:40:13] $cat.dist
INFO [2023-01-25 11:40:13] c(0.055, 0.055)
INFO [2023-01-25 11:40:13] 
