INFO [2023-01-23 15:07:12] $x
INFO [2023-01-23 15:07:12] list(DEG = DEG$term, DMG = DMG$term)
INFO [2023-01-23 15:07:12] 
INFO [2023-01-23 15:07:12] $filename
INFO [2023-01-23 15:07:12] [1] "RAnalysis/Output/meth_express_compare/venn_diagram.png"
INFO [2023-01-23 15:07:12] 
INFO [2023-01-23 15:07:12] $category.names
INFO [2023-01-23 15:07:12] c("DEG GO terms", "DMG GO terms")
INFO [2023-01-23 15:07:12] 
INFO [2023-01-23 15:07:12] $col
INFO [2023-01-23 15:07:12] [1] "black"
INFO [2023-01-23 15:07:12] 
INFO [2023-01-23 15:07:12] $fill
INFO [2023-01-23 15:07:12] c("dodgerblue", "goldenrod1")
INFO [2023-01-23 15:07:12] 
INFO [2023-01-23 15:07:12] $cat.col
INFO [2023-01-23 15:07:12] c("dodgerblue", "goldenrod1")
INFO [2023-01-23 15:07:12] 
INFO [2023-01-23 15:07:12] [[7]]
INFO [2023-01-23 15:07:12] 
INFO [2023-01-23 15:07:12] 
