INFO [2023-02-27 15:13:00] $x
INFO [2023-02-27 15:13:00] list(DEG = DEG$term, DMG = DMG$term)
INFO [2023-02-27 15:13:00] 
INFO [2023-02-27 15:13:00] $filename
INFO [2023-02-27 15:13:00] [1] "RAnalysis/Output/meth_express_compare/venn_diagram.png"
INFO [2023-02-27 15:13:00] 
INFO [2023-02-27 15:13:00] $category.names
INFO [2023-02-27 15:13:00] c("DEG GO terms", "DMG GO terms")
INFO [2023-02-27 15:13:00] 
INFO [2023-02-27 15:13:00] $output
INFO [2023-02-27 15:13:00] [1] TRUE
INFO [2023-02-27 15:13:00] 
INFO [2023-02-27 15:13:00] $col
INFO [2023-02-27 15:13:00] [1] "black"
INFO [2023-02-27 15:13:00] 
INFO [2023-02-27 15:13:00] $fill
INFO [2023-02-27 15:13:00] c("dodgerblue", "goldenrod1")
INFO [2023-02-27 15:13:00] 
INFO [2023-02-27 15:13:00] $cat.default.pos
INFO [2023-02-27 15:13:00] [1] "outer"
INFO [2023-02-27 15:13:00] 
INFO [2023-02-27 15:13:00] $cat.fontface
INFO [2023-02-27 15:13:00] [1] "bold"
INFO [2023-02-27 15:13:00] 
INFO [2023-02-27 15:13:00] $cat.pos
INFO [2023-02-27 15:13:00] c(-18, 18)
INFO [2023-02-27 15:13:00] 
INFO [2023-02-27 15:13:00] $cat.dist
INFO [2023-02-27 15:13:00] c(0.055, 0.055)
INFO [2023-02-27 15:13:00] 
