INFO [2023-02-27 15:01:09] $x
INFO [2023-02-27 15:01:09] list(DEG = DEG$term, DMG = DMG$term)
INFO [2023-02-27 15:01:09] 
INFO [2023-02-27 15:01:09] $filename
INFO [2023-02-27 15:01:09] [1] "RAnalysis/Output/meth_express_compare/venn_diagram.png"
INFO [2023-02-27 15:01:09] 
INFO [2023-02-27 15:01:09] $category.names
INFO [2023-02-27 15:01:09] c("DEG GO terms", "DMG GO terms")
INFO [2023-02-27 15:01:09] 
INFO [2023-02-27 15:01:09] $output
INFO [2023-02-27 15:01:09] [1] TRUE
INFO [2023-02-27 15:01:09] 
INFO [2023-02-27 15:01:09] $col
INFO [2023-02-27 15:01:09] [1] "black"
INFO [2023-02-27 15:01:09] 
INFO [2023-02-27 15:01:09] $fill
INFO [2023-02-27 15:01:09] c("dodgerblue", "goldenrod1")
INFO [2023-02-27 15:01:09] 
INFO [2023-02-27 15:01:09] $cat.default.pos
INFO [2023-02-27 15:01:09] [1] "outer"
INFO [2023-02-27 15:01:09] 
INFO [2023-02-27 15:01:09] $cat.fontface
INFO [2023-02-27 15:01:09] [1] "bold"
INFO [2023-02-27 15:01:09] 
INFO [2023-02-27 15:01:09] $cat.pos
INFO [2023-02-27 15:01:09] c(-18, 18)
INFO [2023-02-27 15:01:09] 
INFO [2023-02-27 15:01:09] $cat.dist
INFO [2023-02-27 15:01:09] c(0.055, 0.055)
INFO [2023-02-27 15:01:09] 
