INFO [2023-02-27 15:10:35] $x
INFO [2023-02-27 15:10:35] list(DEG = DEG$term, DMG = DMG$term)
INFO [2023-02-27 15:10:35] 
INFO [2023-02-27 15:10:35] $filename
INFO [2023-02-27 15:10:35] [1] "RAnalysis/Output/meth_express_compare/venn_diagram.png"
INFO [2023-02-27 15:10:35] 
INFO [2023-02-27 15:10:35] $category.names
INFO [2023-02-27 15:10:35] c("DEG GO terms", "DMG GO terms")
INFO [2023-02-27 15:10:35] 
INFO [2023-02-27 15:10:35] $output
INFO [2023-02-27 15:10:35] [1] TRUE
INFO [2023-02-27 15:10:35] 
INFO [2023-02-27 15:10:35] $col
INFO [2023-02-27 15:10:35] [1] "black"
INFO [2023-02-27 15:10:35] 
INFO [2023-02-27 15:10:35] $fill
INFO [2023-02-27 15:10:35] c("dodgerblue", "goldenrod1")
INFO [2023-02-27 15:10:35] 
INFO [2023-02-27 15:10:35] $cat.default.pos
INFO [2023-02-27 15:10:35] [1] "outer"
INFO [2023-02-27 15:10:35] 
INFO [2023-02-27 15:10:35] $cat.fontface
INFO [2023-02-27 15:10:35] [1] "bold"
INFO [2023-02-27 15:10:35] 
INFO [2023-02-27 15:10:35] $cat.pos
INFO [2023-02-27 15:10:35] c(-18, 18)
INFO [2023-02-27 15:10:35] 
INFO [2023-02-27 15:10:35] $cat.dist
INFO [2023-02-27 15:10:35] c(0.055, 0.055)
INFO [2023-02-27 15:10:35] 
