INFO [2023-01-24 11:51:25] $x
INFO [2023-01-24 11:51:25] list(DEG = DEG$term, DMG = DMG$term)
INFO [2023-01-24 11:51:25] 
INFO [2023-01-24 11:51:25] $filename
INFO [2023-01-24 11:51:25] [1] "RAnalysis/Output/meth_express_compare/venn_diagram.png"
INFO [2023-01-24 11:51:25] 
INFO [2023-01-24 11:51:25] $category.names
INFO [2023-01-24 11:51:25] c("DEG GO terms", "DMG GO terms")
INFO [2023-01-24 11:51:25] 
INFO [2023-01-24 11:51:25] $output
INFO [2023-01-24 11:51:25] [1] TRUE
INFO [2023-01-24 11:51:25] 
INFO [2023-01-24 11:51:25] $col
INFO [2023-01-24 11:51:25] [1] "black"
INFO [2023-01-24 11:51:25] 
INFO [2023-01-24 11:51:25] $fill
INFO [2023-01-24 11:51:25] c("dodgerblue", "goldenrod1")
INFO [2023-01-24 11:51:25] 
INFO [2023-01-24 11:51:25] $cat.default.pos
INFO [2023-01-24 11:51:25] [1] "outer"
INFO [2023-01-24 11:51:25] 
INFO [2023-01-24 11:51:25] $cat.fontface
INFO [2023-01-24 11:51:25] [1] "bold"
INFO [2023-01-24 11:51:25] 
INFO [2023-01-24 11:51:25] $cat.pos
INFO [2023-01-24 11:51:25] c(-18, 18)
INFO [2023-01-24 11:51:25] 
INFO [2023-01-24 11:51:25] $cat.dist
INFO [2023-01-24 11:51:25] c(0.055, 0.055)
INFO [2023-01-24 11:51:25] 
