INFO [2023-03-01 11:37:48] $x
INFO [2023-03-01 11:37:48] list(DEG = DEG$term, DMG = DMG$term)
INFO [2023-03-01 11:37:48] 
INFO [2023-03-01 11:37:48] $filename
INFO [2023-03-01 11:37:48] [1] "RAnalysis/Output/meth_express_compare/venn_diagram.png"
INFO [2023-03-01 11:37:48] 
INFO [2023-03-01 11:37:48] $category.names
INFO [2023-03-01 11:37:48] c("DEG GO terms", "DMG GO terms")
INFO [2023-03-01 11:37:48] 
INFO [2023-03-01 11:37:48] $output
INFO [2023-03-01 11:37:48] [1] TRUE
INFO [2023-03-01 11:37:48] 
INFO [2023-03-01 11:37:48] $col
INFO [2023-03-01 11:37:48] [1] "black"
INFO [2023-03-01 11:37:48] 
INFO [2023-03-01 11:37:48] $fill
INFO [2023-03-01 11:37:48] c("dodgerblue", "goldenrod1")
INFO [2023-03-01 11:37:48] 
INFO [2023-03-01 11:37:48] $cat.default.pos
INFO [2023-03-01 11:37:48] [1] "outer"
INFO [2023-03-01 11:37:48] 
INFO [2023-03-01 11:37:48] $cat.fontface
INFO [2023-03-01 11:37:48] [1] "bold"
INFO [2023-03-01 11:37:48] 
INFO [2023-03-01 11:37:48] $cat.pos
INFO [2023-03-01 11:37:48] c(-18, 18)
INFO [2023-03-01 11:37:48] 
INFO [2023-03-01 11:37:48] $cat.dist
INFO [2023-03-01 11:37:48] c(0.055, 0.055)
INFO [2023-03-01 11:37:48] 
