INFO [2023-01-23 15:35:47] $x
INFO [2023-01-23 15:35:47] list(DEG = DEG$term, DMG = DMG$term)
INFO [2023-01-23 15:35:47] 
INFO [2023-01-23 15:35:47] $filename
INFO [2023-01-23 15:35:47] [1] "RAnalysis/Output/meth_express_compare/venn_diagram.png"
INFO [2023-01-23 15:35:47] 
INFO [2023-01-23 15:35:47] $category.names
INFO [2023-01-23 15:35:47] c("DEG GO terms", "DMG GO terms")
INFO [2023-01-23 15:35:47] 
INFO [2023-01-23 15:35:47] $col
INFO [2023-01-23 15:35:47] [1] "black"
INFO [2023-01-23 15:35:47] 
INFO [2023-01-23 15:35:47] $fill
INFO [2023-01-23 15:35:47] c("dodgerblue", "goldenrod1")
INFO [2023-01-23 15:35:47] 
INFO [2023-01-23 15:35:47] $cat.col
INFO [2023-01-23 15:35:47] c("dodgerblue", "goldenrod1")
INFO [2023-01-23 15:35:47] 
INFO [2023-01-23 15:35:47] [[7]]
INFO [2023-01-23 15:35:47] 
INFO [2023-01-23 15:35:47] 
