INFO [2023-01-25 11:47:24] $x
INFO [2023-01-25 11:47:24] list(DEG = DEG$term, DMG = DMG$term)
INFO [2023-01-25 11:47:24] 
INFO [2023-01-25 11:47:24] $filename
INFO [2023-01-25 11:47:24] [1] "RAnalysis/Output/meth_express_compare/venn_diagram.png"
INFO [2023-01-25 11:47:24] 
INFO [2023-01-25 11:47:24] $category.names
INFO [2023-01-25 11:47:24] c("DEG GO terms", "DMG GO terms")
INFO [2023-01-25 11:47:24] 
INFO [2023-01-25 11:47:24] $output
INFO [2023-01-25 11:47:24] [1] TRUE
INFO [2023-01-25 11:47:24] 
INFO [2023-01-25 11:47:24] $col
INFO [2023-01-25 11:47:24] [1] "black"
INFO [2023-01-25 11:47:24] 
INFO [2023-01-25 11:47:24] $fill
INFO [2023-01-25 11:47:24] c("dodgerblue", "goldenrod1")
INFO [2023-01-25 11:47:24] 
INFO [2023-01-25 11:47:24] $cat.default.pos
INFO [2023-01-25 11:47:24] [1] "outer"
INFO [2023-01-25 11:47:24] 
INFO [2023-01-25 11:47:24] $cat.fontface
INFO [2023-01-25 11:47:24] [1] "bold"
INFO [2023-01-25 11:47:24] 
INFO [2023-01-25 11:47:24] $cat.pos
INFO [2023-01-25 11:47:24] c(-18, 18)
INFO [2023-01-25 11:47:24] 
INFO [2023-01-25 11:47:24] $cat.dist
INFO [2023-01-25 11:47:24] c(0.055, 0.055)
INFO [2023-01-25 11:47:24] 
