INFO [2023-07-12 11:53:12] $x
INFO [2023-07-12 11:53:12] list(DEG = DEG$term, DMG = DMG$term)
INFO [2023-07-12 11:53:12] 
INFO [2023-07-12 11:53:12] $filename
INFO [2023-07-12 11:53:12] [1] "RAnalysis/Output/meth_express_compare/venn_diagram.png"
INFO [2023-07-12 11:53:12] 
INFO [2023-07-12 11:53:12] $category.names
INFO [2023-07-12 11:53:12] c("DEG GO terms", "DMG GO terms")
INFO [2023-07-12 11:53:12] 
INFO [2023-07-12 11:53:12] $output
INFO [2023-07-12 11:53:12] [1] TRUE
INFO [2023-07-12 11:53:12] 
INFO [2023-07-12 11:53:12] $col
INFO [2023-07-12 11:53:12] [1] "black"
INFO [2023-07-12 11:53:12] 
INFO [2023-07-12 11:53:12] $fill
INFO [2023-07-12 11:53:12] c("dodgerblue", "goldenrod1")
INFO [2023-07-12 11:53:12] 
INFO [2023-07-12 11:53:12] $cat.default.pos
INFO [2023-07-12 11:53:12] [1] "outer"
INFO [2023-07-12 11:53:12] 
INFO [2023-07-12 11:53:12] $cat.fontface
INFO [2023-07-12 11:53:12] [1] "bold"
INFO [2023-07-12 11:53:12] 
INFO [2023-07-12 11:53:12] $cat.pos
INFO [2023-07-12 11:53:12] c(-18, 18)
INFO [2023-07-12 11:53:12] 
INFO [2023-07-12 11:53:12] $cat.dist
INFO [2023-07-12 11:53:12] c(0.055, 0.055)
INFO [2023-07-12 11:53:12] 
