Pver_g10543.t1	ref|XP_022784033.1|	78.235	170	37	0	14	183	14	183	9.47e-95	283	185
Pver_g1056.t1	ref|XP_022793344.1|	76.190	105	23	2	1	104	1	104	2.13e-26	104	105
Pver_g10625.t2	ref|XP_027043744.1|	98.705	386	5	0	38	423	1	386	0.0	780	424
Pver_g108.t1	ref|XP_015768287.1|	49.231	130	62	4	15	144	7	132	2.07e-26	107	164
Pver_g11155.t1	ref|XP_044163889.1|	78.788	33	7	0	136	168	49	81	6.86e-07	60.5	224
Pver_g12228.t1	ref|XP_027039261.1|	96.667	120	4	0	1	120	1	120	1.10e-79	240	121
Pver_g12493.t1	ref|XP_022785360.1|	64.368	87	30	1	1	86	1	87	7.84e-26	102	87
Pver_g12495.t1	ref|XP_027059191.1|	95.294	85	2	1	1	83	1	85	1.63e-44	151	87
Pver_g12496.t1	ref|XP_027059191.1|	96.471	85	3	0	1	85	1	85	5.83e-49	162	89
Pver_g12627.t2	ref|XP_022801825.1|	79.279	111	19	1	14	120	5	115	1.03e-53	174	121
Pver_g13781.t1	ref|XP_015773423.1|	23.333	180	132	3	25	204	4	177	1.41e-06	61.2	543
Pver_g1385.t1	ref|XP_029198617.1|	50.000	64	25	2	1	61	61	120	4.74e-07	54.3	73
Pver_g13882.t1	gb|KXJ05921.1|	46.809	94	48	2	16	108	118	210	1.07e-19	90.5	114
Pver_g14062.t1	ref|XP_022781934.1|	67.176	131	35	2	38	165	1	126	9.89e-42	146	172
Pver_g14170.t1	ref|XP_027055454.1|	84.348	115	10	1	14	120	1	115	2.19e-58	187	136
Pver_g15525.t1	ref|XP_022787489.1|	58.192	177	71	2	1	174	1	177	2.54e-58	190	175
Pver_g15619.t1	ref|XP_027042494.1|	99.074	108	1	0	82	189	26	133	4.19e-69	221	230
Pver_g15628.t1	ref|XP_020601075.1|	38.785	214	123	4	186	397	15	222	5.03e-35	139	398
Pver_g15742.t1	ref|XP_027055308.1|	75.969	129	4	1	1	129	1	102	1.03e-58	186	130
Pver_g15841.t1	gb|KXJ23696.1|	59.259	54	22	0	1	54	1	54	8.29e-16	75.5	78
Pver_g16087.t1	ref|XP_027048574.1|	94.286	35	2	0	1	35	1	35	5.36e-13	70.1	111
Pver_g16217.t1	ref|XP_027047695.1|	54.167	48	22	0	37	84	60	107	8.27e-09	59.3	93
Pver_g16370.t1	ref|XP_022805780.1|	75.333	150	36	1	1	149	1	150	3.25e-74	228	151
Pver_g16648.t1	ref|XP_015749238.1|	49.231	65	32	1	1	65	16	79	1.08e-07	60.8	139
Pver_g17448.t1	ref|XP_027051822.1|	65.574	61	21	0	174	234	23	83	1.16e-18	89.4	235
Pver_g17527.t1	ref|XP_020630714.1|	33.929	112	58	5	3	113	1	97	3.70e-07	55.8	114
Pver_g17610.t1	ref|XP_015758234.1|	51.370	146	61	1	1	136	47	192	1.03e-27	116	160
Pver_g17745.t1	ref|XP_015754379.1|	38.333	120	69	5	1	116	1	119	3.05e-09	61.2	117
Pver_g17885.t1	ref|XP_022788474.1|	47.727	88	36	2	1	78	15	102	3.18e-13	69.7	79
Pver_g17953.t1	ref|XP_020625946.1|	48.684	76	33	2	4	75	31	104	1.10e-11	65.5	76
Pver_g18019.t1	ref|XP_015774860.1|	76.596	47	11	0	1	47	1	47	2.55e-13	72.8	48
Pver_g18194.t1	ref|XP_015774642.1|	70.455	44	13	0	8	51	383	426	3.01e-09	63.5	91
Pver_g18769.t1	ref|XP_041828497.1|	32.653	98	50	2	12	109	4	85	4.58e-08	59.3	124
Pver_g18832.t1	ref|XP_027042626.1|	41.525	118	59	3	19	134	511	620	6.34e-08	63.2	171
Pver_g19140.t1	ref|XP_027059191.1|	94.118	85	3	1	1	83	1	85	3.11e-44	150	87
Pver_g19141.t2	ref|XP_027059191.1|	93.617	47	3	0	162	208	27	73	6.88e-09	64.3	224
Pver_g19464.t1	ref|XP_027046826.1|	93.506	77	5	0	1	77	165	241	3.10e-42	147	78
Pver_g19511.t1	gb|KXJ15987.1|	44.860	107	53	5	1	107	46	146	7.83e-12	70.5	119
Pver_g19952.t1	gb|MBO9483065.1|	43.103	348	149	6	20	326	16	355	2.20e-69	231	341
Pver_g20082.t1	ref|WP_101745179.1|	34.903	361	198	14	195	528	231	581	4.58e-38	159	540
Pver_g20090.t1	gb|MBO9480484.1|	27.445	634	381	21	40	629	41	639	2.17e-50	202	1207
Pver_g20178.t1	gb|MBO9482723.1|	37.551	245	114	4	1457	1662	28	272	6.57e-31	147	2510
Pver_g20183.t1	gb|MBO9480736.1|	55.725	131	58	0	439	569	173	303	2.11e-35	151	569
Pver_g20194.t1	gb|MBO9484279.1|	28.482	481	249	19	11	416	317	777	9.62e-22	110	430
Pver_g20228.t1	gb|MBO9482723.1|	47.015	134	64	3	2443	2571	302	433	2.19e-22	119	2572
Pver_g20235.t1	gb|MBO9484171.1|	52.807	481	198	9	383	847	22	489	2.08e-143	446	857
Pver_g20251.t1	gb|MBO9496398.1|	28.000	325	192	12	700	1010	301	597	5.62e-22	114	1019
Pver_g20283.t1	ref|WP_101745367.1|	26.833	682	409	19	38	647	5	668	5.59e-54	207	652
Pver_g20313.t1	ref|XP_015762802.1|	62.500	40	15	0	35	74	615	654	3.09e-06	55.1	94
Pver_g20359.t1	gb|MBO9484473.1|	33.223	301	125	7	1	226	1	300	1.01e-27	119	231
Pver_g20363.t1	gb|MBO9482557.1|	26.616	526	314	13	23	486	39	554	5.04e-38	159	564
Pver_g20414.t1	ref|WP_066015019.1|	30.488	164	107	5	1	161	100	259	4.11e-07	64.3	635
Pver_g20641.t2	ref|XP_027059191.1|	81.529	157	19	2	1	155	1	149	7.70e-56	183	174
Pver_g20666.t1	gb|MBO9482723.1|	38.462	273	126	6	75	306	1	272	3.87e-35	159	1201
Pver_g20771.t1	ref|XP_027059191.1|	92.000	50	4	0	2	51	29	78	3.87e-07	54.7	62
Pver_g20772.t1	ref|XP_020602122.1|	92.188	64	5	0	1	64	1059	1122	1.14e-09	64.3	80
Pver_g20858.t1	ref|WP_157673356.1|	22.888	734	476	21	301	974	8	711	1.94e-23	120	990
Pver_g20883.t1	gb|MBO9492708.1|	27.326	172	108	5	139	295	135	304	8.14e-07	64.7	831
Pver_g20906.t1	gb|MBO9482723.1|	34.573	726	398	12	4	714	571	1234	4.69e-93	326	722
Pver_g20929.t2	ref|XP_022784274.1|	46.429	112	51	2	1	110	557	661	3.01e-11	70.5	121
Pver_g20954.t1	ref|XP_027036276.1|	75.610	41	8	2	64	104	140	178	1.86e-06	56.6	112
Pver_g21062.t1	gb|MBO9481080.1|	34.889	407	213	10	94	486	615	983	5.41e-42	176	680
Pver_g21069.t1	gb|MBO9481268.1|	30.345	290	156	7	11	295	408	656	1.57e-18	97.8	306
Pver_g21099.t1	gb|MBO9481496.1|	47.561	82	40	2	446	525	44	124	1.15e-08	65.9	525
Pver_g21263.t1	gb|MBO9482723.1|	38.849	278	116	11	24	257	5	272	4.08e-32	146	694
Pver_g21300.t1	gb|MBO9480227.1|	25.688	654	373	18	1	609	2009	2594	5.41e-45	184	616
Pver_g21318.t1	gb|MBO9482723.1|	36.123	454	251	6	1	444	810	1234	1.15e-56	214	458
Pver_g21334.t1	ref|XP_015769314.1|	40.650	123	61	5	1	121	4	116	3.98e-17	88.2	136
Pver_g21340.t1	gb|MBO9482934.1|	39.130	115	55	5	11	111	18	131	9.94e-12	71.6	111
Pver_g21356.t2	ref|XP_015749459.1|	25.306	245	167	5	342	572	36	278	5.07e-10	73.6	585
Pver_g21358.t1	ref|XP_044167350.1|	55.000	60	27	0	1	60	168	227	2.59e-14	79.3	185
Pver_g21378.t1	ref|XP_020602122.1|	92.188	64	5	0	1	64	1059	1122	1.37e-09	63.5	67
Pver_g21414.t1	ref|XP_020602122.1|	89.394	66	5	1	1	66	1059	1122	5.26e-08	59.7	82
Pver_g21506.t1	ref|XP_044170612.1|	36.296	135	84	2	16	150	40	172	6.07e-19	89.0	151
Pver_g21588.t1	gb|MBO9480766.1|	26.552	290	197	6	223	505	169	449	1.36e-18	102	506
Pver_g21651.t1	gb|MBO9482723.1|	35.625	480	276	8	2	477	693	1143	1.94e-68	249	477
Pver_g21667.t1	gb|MBO9484632.1|	51.653	242	116	1	1	242	17	257	8.04e-82	258	244
Pver_g21698.t1	gb|MBO9496030.1|	52.174	184	55	7	116	282	202	369	1.80e-36	144	286
Pver_g2180.t1	ref|XP_015772261.1|	42.182	275	128	6	1	259	1	260	1.61e-47	169	281
Pver_g21852.t1	gb|MBO9481051.1|	32.099	162	86	4	9	156	25	176	6.60e-12	74.3	161
Pver_g21854.t1	gb|KXJ24418.1|	35.897	156	82	5	2	142	55	207	1.53e-17	88.2	187
Pver_g21879.t1	gb|MBO9495668.1|	57.971	69	29	0	202	270	294	362	1.22e-13	82.0	270
Pver_g21893.t1	gb|MBO9497313.1|	39.833	359	185	8	12	347	546	896	3.45e-55	206	366
Pver_g22046.t1	gb|MBO9481387.1|	50.735	272	134	0	1	272	261	532	7.09e-75	256	273
Pver_g22094.t1	gb|MBO9484739.1|	57.261	241	102	1	2	242	121	360	3.69e-83	263	243
Pver_g22102.t1	ref|XP_015769853.1|	53.043	115	52	2	1	115	261	373	4.68e-31	123	117
Pver_g22122.t1	ref|XP_044167047.1|	63.025	119	41	2	1	118	302	418	9.84e-23	102	119
Pver_g22237.t1	ref|XP_029576648.1|	33.613	119	65	6	6	114	36	150	8.64e-06	55.1	119
Pver_g22257.t1	ref|XP_020602122.1|	79.710	69	9	1	1	69	1059	1122	1.83e-07	58.2	85
Pver_g22276.t1	gb|MBO9495549.1|	63.889	144	52	0	5	148	1038	1181	1.77e-54	195	149
Pver_g22315.t1	ref|XP_015765093.1|	52.459	61	27	1	37	97	241	299	7.90e-10	65.1	98
Pver_g22340.t1	ref|XP_027059191.1|	91.304	46	4	0	1	46	28	73	4.97e-09	59.7	62
Pver_g22353.t1	ref|WP_163371015.1|	49.438	89	41	2	44	130	28	114	7.11e-14	77.8	136
Pver_g22385.t1	ref|WP_146000261.1|	52.273	220	104	1	3	222	44	262	1.25e-68	223	223
Pver_g22387.t1	gb|MBO9482723.1|	44.444	225	122	2	1	222	813	1037	1.23e-40	159	225
Pver_g22391.t1	ref|XP_020602122.1|	90.625	64	6	0	1	64	1059	1122	3.28e-08	59.7	72
Pver_g22462.t1	gb|MBO9482919.1|	64.115	209	75	0	1	209	1390	1598	2.95e-80	272	209
Pver_g22473.t1	ref|XP_020602122.1|	92.188	64	5	0	1	64	1059	1122	1.14e-09	64.3	80
Pver_g22476.t1	gb|MBO9484265.1|	32.530	83	54	1	25	107	36	116	2.30e-06	53.5	108
Pver_g22502.t1	gb|MBO9484632.1|	51.282	195	94	1	8	202	3	196	9.90e-56	189	202
Pver_g22520.t2	ref|XP_015772436.1|	77.451	102	17	2	1	100	1076	1173	2.03e-39	150	101
Pver_g22697.t1	gb|KAF2364532.1|	51.087	92	45	0	1	92	208	299	2.69e-20	93.6	109
Pver_g22709.t1	gb|MBO9483640.1|	38.889	90	54	1	7	96	18	106	8.41e-08	59.7	96
Pver_g22720.t1	ref|XP_027041708.1|	90.000	50	5	0	1	50	200	249	1.29e-08	59.7	50
Pver_g22721.t1	gb|MBO9482832.1|	69.173	133	40	1	1	132	1259	1391	8.96e-49	179	160
Pver_g22895.t1	ref|XP_044164562.1|	73.684	57	15	0	1	57	136	192	1.77e-15	79.0	89
Pver_g22968.t1	ref|XP_020608472.1|	45.455	66	34	2	1	64	1	66	5.38e-07	53.9	66
Pver_g22991.t1	ref|XP_027038812.1|	65.678	236	18	2	36	271	1	173	3.98e-42	152	272
Pver_g23035.t1	ref|XP_027044323.1|	98.765	81	0	1	1	80	1	81	3.85e-36	127	81
Pver_g23165.t1	ref|XP_027059284.1|	55.357	112	47	2	1	109	1	112	2.79e-30	114	110
Pver_g23313.t1	ref|XP_027059191.1|	86.667	45	6	0	1	45	28	72	7.56e-09	58.9	55
Pver_g23314.t1	ref|XP_027059191.1|	89.865	148	13	1	1	148	1	146	1.51e-59	194	208
Pver_g23315.t1	ref|XP_027059191.1|	89.815	108	9	1	1	108	1	106	1.98e-34	128	157
Pver_g23317.t1	ref|XP_027059191.1|	81.507	146	25	1	1	144	1	146	1.32e-58	192	220
Pver_g23318.t1	ref|XP_027059191.1|	94.521	73	4	0	1	73	1	73	4.51e-30	114	89
Pver_g23566.t1	gb|MBO9481307.1|	44.524	977	473	17	79	1000	83	1045	0.0	743	1232
Pver_g23597.t1	gb|MBO9481310.1|	28.205	546	350	15	1554	2086	4	520	3.47e-32	146	2429
Pver_g23628.t1	gb|MBO9481310.1|	25.651	499	289	18	43	509	34	482	4.92e-24	118	608
Pver_g23650.t1	gb|MBO9493767.1|	38.889	162	98	1	196	357	338	498	1.15e-19	103	376
Pver_g23659.t2	gb|MBO9496470.1|	25.417	240	163	4	127	365	20	244	1.93e-10	73.9	446
Pver_g23661.t1	gb|MBO9481310.1|	26.056	568	316	22	42	576	27	523	1.37e-25	122	576
Pver_g23695.t1	gb|MBO9480364.1|	28.594	626	392	15	178	773	10	610	6.96e-52	205	799
Pver_g23749.t1	gb|MBO9481740.1|	27.381	252	144	8	522	745	60	300	1.70e-11	80.5	819
Pver_g23755.t1	gb|MBO9481763.1|	31.122	588	300	14	120	616	115	688	5.70e-38	164	720
Pver_g23762.t1	ref|XP_020607418.1|	23.158	190	139	3	6	189	1	189	2.45e-06	58.9	227
Pver_g23932.t1	gb|MBO9484567.1|	41.026	195	99	5	1	182	1	192	1.05e-31	131	199
Pver_g24041.t1	gb|MBO9479801.1|	35.034	745	366	22	14	686	10	708	1.58e-110	363	686
Pver_g24050.t1	gb|MBO9483609.1|	32.296	257	146	7	33	273	39	283	4.94e-15	89.0	720
Pver_g24055.t1	ref|WP_145999888.1|	25.075	335	197	11	68	385	91	388	7.07e-08	67.8	420
Pver_g24063.t1	gb|MBO9484171.1|	30.303	165	107	3	5	166	267	426	6.72e-11	77.4	512
Pver_g24121.t1	gb|MBC8551467.1|	42.857	70	30	3	348	417	130	189	2.38e-06	61.2	422
Pver_g24123.t2	gb|MBO9482557.1|	27.132	258	166	3	146	381	243	500	4.95e-17	95.9	437
Pver_g24131.t1	gb|MBO9481704.1|	25.094	267	156	8	196	428	104	360	3.78e-10	75.1	562
Pver_g24198.t1	gb|MBO9493906.1|	57.658	111	46	1	237	347	104	213	4.35e-25	112	359
Pver_g24221.t2	gb|MBO9483828.1|	41.639	598	343	6	1222	1814	25	621	1.60e-126	445	1814
Pver_g24224.t1	gb|MBO9480988.1|	38.589	723	386	18	821	1506	27	728	3.77e-129	439	1507
Pver_g24238.t1	gb|MBO9483345.1|	45.342	322	169	6	30	346	34	353	1.03e-78	272	822
Pver_g24261.t1	gb|MBO9480880.1|	33.584	932	528	34	211	1099	134	1017	4.56e-97	350	1773
Pver_g24273.t1	ref|WP_101749313.1|	37.607	117	70	3	106	220	297	412	4.18e-12	78.2	288
Pver_g24364.t1	gb|MBO9480950.1|	39.834	241	140	1	736	976	72	307	5.65e-43	182	986
Pver_g24372.t2	gb|MBO9481740.1|	26.207	435	239	17	128	511	60	463	6.99e-19	102	577
Pver_g24376.t1	gb|MBO9480902.1|	41.520	171	89	4	475	640	26	190	2.38e-29	127	680
Pver_g24380.t1	gb|MBO9480364.1|	28.962	732	418	16	14	659	18	733	1.62e-63	237	723
Pver_g24400.t1	gb|MBO9493907.1|	39.780	455	262	4	965	1418	82	525	4.85e-91	333	1418
Pver_g24411.t1	gb|MBO9480191.1|	43.841	276	152	2	11	285	164	437	4.12e-74	245	289
Pver_g24466.t1	gb|MBO9493750.1|	22.000	400	274	15	61	431	64	454	4.06e-09	73.2	881
Pver_g24537.t1	gb|MBO9480492.1|	31.646	237	154	5	42	273	28	261	2.98e-21	102	291
Pver_g24547.t2	ref|XP_020619609.1|	68.182	44	14	0	1	44	1	44	9.90e-08	58.9	82
Pver_g24548.t1	gb|MBO9482813.1|	40.278	72	43	0	3	74	320	391	1.02e-06	67.0	1299
Pver_g24558.t1	gb|MBO9481172.1|	38.320	488	255	9	31	473	334	820	5.08e-95	315	484
Pver_g24576.t1	gb|MBO9483611.1|	72.681	992	252	8	66	1040	26	1015	0.0	1452	1047
Pver_g24604.t1	gb|MBO9493750.1|	25.225	444	293	17	406	822	52	483	4.07e-20	107	839
Pver_g2460.t1	ref|XP_022807796.1|	73.214	56	15	0	3	58	1	56	5.58e-18	84.0	133
Pver_g24627.t1	gb|MBO9481310.1|	25.806	527	307	11	1	493	1	477	6.75e-37	154	513
Pver_g24629.t1	gb|MBO9480768.1|	32.148	731	440	17	277	971	285	995	2.57e-89	332	1244
Pver_g24668.t1	gb|MBO9483350.1|	39.617	732	356	6	476	1124	30	758	5.93e-165	524	1144
Pver_g24674.t1	gb|MBO9483065.1|	28.467	274	144	14	51	280	85	350	2.06e-11	76.3	323
Pver_g24697.t1	gb|MBO9481135.1|	51.392	790	374	4	49	835	56	838	0.0	786	840
Pver_g24720.t1	gb|KAF5006590.1|	29.609	179	105	6	125	298	1068	1230	1.72e-06	64.7	652
Pver_g24738.t1	gb|MBO9481595.1|	27.366	391	260	8	2	378	22	402	1.22e-37	158	678
Pver_g24747.t1	gb|MBO9484473.1|	41.246	337	186	8	44	374	14	344	2.54e-42	163	378
Pver_g24749.t1	gb|MBO9484600.1|	25.647	425	260	15	43	434	9	410	3.68e-22	111	520
Pver_g24780.t2	gb|MBO9480735.1|	39.695	131	77	2	79	209	5	133	4.89e-19	97.1	850
Pver_g24785.t1	gb|MBO9483882.1|	65.686	306	102	2	1	303	1	306	3.35e-139	419	303
Pver_g24798.t1	ref|XP_015772683.1|	59.302	86	35	0	7	92	290	375	7.93e-26	112	166
Pver_g24812.t1	gb|MBI2790639.1|	28.689	366	186	15	22	334	74	417	8.16e-23	111	395
Pver_g24853.t1	gb|MBO9479938.1|	51.157	432	157	6	22	400	228	658	3.63e-126	395	404
Pver_g24881.t1	gb|MBO9481866.1|	37.681	276	161	6	89	359	160	429	4.90e-40	161	493
Pver_g24929.t1	gb|MBO9480263.1|	26.298	289	188	11	36	315	79	351	5.85e-12	77.8	317
Pver_g24932.t1	ref|XP_044170056.1|	36.250	80	48	1	106	182	83	162	4.61e-06	58.2	213
Pver_g24956.t1	ref|WP_067520240.1|	26.898	461	287	11	3	445	31	459	5.42e-28	132	682
Pver_g24958.t1	gb|MBO9483065.1|	48.731	197	95	4	249	443	74	266	7.76e-44	169	463
Pver_g24965.t1	ref|WP_101745179.1|	34.550	411	209	12	144	538	209	575	1.66e-49	193	666
Pver_g24973.t1	gb|MBO9480950.1|	40.066	302	178	3	1	301	13	312	1.52e-52	209	724
Pver_g25020.t1	gb|MBO9492962.1|	31.073	177	113	5	2	175	285	455	2.20e-09	70.1	275
Pver_g25067.t1	gb|MBO9481356.1|	39.785	651	355	11	4	627	207	847	5.99e-138	434	641
Pver_g25074.t1	gb|MBO9480950.1|	38.221	416	242	8	52	461	17	423	5.68e-70	261	770
Pver_g25093.t1	gb|MBO9482134.1|	34.225	374	215	7	164	532	152	499	3.06e-59	217	620
Pver_g25105.t1	gb|MBO9480950.1|	32.040	593	344	9	1	571	532	1087	1.05e-84	297	596
Pver_g25128.t1	gb|MBO9481082.1|	64.062	640	218	6	84	714	1	637	0.0	751	714
Pver_g25155.t1	gb|MBO9481356.1|	34.739	593	351	12	2	565	261	846	1.80e-83	288	573
Pver_g25161.t1	gb|MBO9493721.1|	20.518	463	291	14	217	676	177	565	3.55e-07	67.0	688
Pver_g25204.t1	gb|MBO9483065.1|	48.387	248	111	4	1	237	114	355	5.55e-53	192	441
Pver_g25236.t1	gb|MBO9482048.1|	28.698	338	190	13	40	345	57	375	3.22e-20	104	367
Pver_g25241.t1	ref|WP_062259998.1|	28.218	202	121	7	3	198	310	493	5.33e-07	63.9	376
Pver_g25258.t1	gb|MBO9482557.1|	28.205	234	148	4	35	249	268	500	3.24e-15	90.9	491
Pver_g25261.t1	gb|MBO9483730.1|	33.761	234	141	5	30	250	32	264	3.14e-31	128	252
Pver_g2526.t1	ref|XP_027038976.1|	82.394	142	13	2	11	147	35	169	7.80e-11	67.8	148
Pver_g25270.t1	gb|MBO9481052.1|	31.641	256	152	5	62	307	61	303	1.86e-26	121	313
Pver_g25274.t1	gb|MBO9482723.1|	34.579	321	169	12	2	287	920	1234	1.15e-19	101	295
Pver_g25278.t1	gb|MBO9497228.1|	29.668	573	318	22	5	560	284	788	1.53e-40	170	593
Pver_g25299.t1	gb|MBO9481433.1|	46.203	158	82	1	13	167	1028	1185	2.48e-26	116	177
Pver_g25304.t1	gb|MBO9481291.1|	37.037	351	164	11	122	418	24	371	5.31e-48	186	421
Pver_g25316.t1	gb|MBO9480675.1|	25.055	451	307	12	19	446	302	744	4.43e-15	91.7	535
Pver_g25323.t1	gb|MBO9480245.1|	40.079	252	128	8	129	359	159	408	1.33e-37	151	363
Pver_g25330.t1	gb|MBO9480675.1|	46.520	273	141	3	54	322	816	1087	1.04e-71	252	338
Pver_g25332.t1	ref|WP_067515080.1|	28.500	400	246	16	1	377	15	397	2.67e-32	137	378
Pver_g25341.t1	gb|MBO9482351.1|	32.129	249	164	2	115	358	1	249	1.23e-27	122	358
Pver_g25345.t1	gb|MBO9480227.1|	31.298	262	155	6	292	528	1760	2021	6.33e-26	125	528
Pver_g25347.t1	gb|MBO9482557.1|	31.132	318	187	8	3	296	62	371	1.31e-35	145	304
Pver_g25382.t1	gb|MBO9484171.1|	36.104	385	221	6	1	370	1	375	1.44e-65	228	370
Pver_g25427.t1	gb|MBO9483399.1|	29.204	339	196	12	34	347	6	325	4.11e-13	81.6	369
Pver_g25447.t1	gb|MBO9484171.1|	22.704	392	276	10	3	372	98	484	1.66e-16	93.6	397
Pver_g25479.t1	gb|MBO9493750.1|	30.645	186	92	8	151	316	53	221	4.13e-08	67.0	336
Pver_g25497.t1	gb|MBO9495477.1|	37.391	230	126	6	1	214	1966	2193	1.98e-35	144	229
Pver_g25500.t1	gb|MBO9494224.1|	43.836	73	29	2	2	65	308	377	5.24e-06	53.5	77
Pver_g25508.t1	gb|MBO9482781.1|	36.170	141	86	1	60	196	1	141	5.42e-18	88.6	196
Pver_g25529.t1	gb|MBO9484400.1|	34.127	126	76	2	48	170	7	128	3.07e-12	73.6	266
Pver_g25729.t1	ref|XP_044170140.1|	51.667	60	17	1	1	60	24	71	1.88e-07	57.4	89
Pver_g26536.t1	ref|XP_027037793.1|	48.780	82	15	1	54	108	359	440	3.46e-09	64.3	109
Pver_g26786.t1	ref|XP_015747177.1|	43.312	157	81	3	10	163	22	173	7.83e-26	110	166
Pver_g3189.t1	ref|XP_015759939.1|	36.634	101	58	4	62	157	24	123	5.67e-09	62.8	166
Pver_g3203.t1	ref|XP_027046977.1|	99.010	101	1	0	1	101	1	101	6.37e-66	203	102
Pver_g3549.t1	ref|XP_020608482.1|	56.180	89	39	0	1	89	12	100	1.09e-19	86.3	90
Pver_g3945.t1	ref|XP_015758988.1|	37.069	116	67	2	34	149	98	207	3.54e-08	63.2	158
Pver_g3948.t1	ref|XP_015758988.1|	38.168	131	69	5	11	139	82	202	1.09e-08	65.5	182
Pver_g4342.t1	ref|XP_027049222.1|	82.008	239	4	1	1	239	1	200	7.63e-123	357	240
Pver_g4982.t1	ref|XP_022781319.1|	49.550	111	50	1	1	111	1	105	9.99e-31	115	115
Pver_g600.t1	ref|XP_027035556.1|	98.611	144	2	0	1	144	1	144	4.90e-96	283	145
Pver_g6313.t1	ref|XP_027059705.1|	93.277	238	16	0	1	238	1	238	3.79e-158	448	245
Pver_g6474.t1	ref|XP_020602189.1|	37.143	105	35	5	1	87	1	92	2.30e-08	58.5	88
Pver_g6512.t1	ref|XP_020605638.1|	27.586	203	136	3	21	213	1	202	3.54e-09	67.8	282
Pver_g6945.t1	ref|XP_044179447.1|	41.026	78	41	2	27	104	69	141	7.67e-06	55.8	217
Pver_g6981.t1	ref|XP_027055454.1|	81.739	115	13	1	14	120	1	115	2.11e-55	179	136
Pver_g7255.t1	ref|XP_027058580.1|	96.330	218	7	1	1	218	1	217	4.12e-152	432	242
Pver_g7705.t1	ref|XP_020623894.1|	72.072	111	27	2	16	122	1	111	5.59e-18	92.4	290
Pver_g8234.t1	ref|XP_029210059.2|	51.835	218	95	3	67	279	11	223	3.36e-66	219	289
Pver_g9096.t1	ref|XP_027055780.1|	98.429	191	3	0	1	191	1	191	3.55e-137	391	192
Pver_g914.t1	ref|XP_027058560.1|	76.316	38	9	0	23	60	41	78	1.21e-11	68.9	77
Pver_novel_model_249_5de57afd	ref|XP_015764446.1|	36.803	269	128	10	3	254	1	244	1.17e-30	125	255
Pver_novel_model_294_5de57afd	ref|XP_022795722.1|	34.247	146	95	1	14	159	17	161	3.30e-21	97.1	206
Pver_novel_model_295_5de57afd	ref|XP_022795722.1|	70.779	154	45	0	2	155	9	162	3.55e-75	234	194
Pver_novel_model_296_5de57afd	ref|XP_022795722.1|	38.710	124	74	1	4	125	37	160	8.38e-22	97.1	166
Pver_novel_model_337_5de57afd	ref|XP_022807067.1|	38.095	105	60	2	5	108	10	110	2.63e-17	81.6	109
Pver_novel_model_400_5de57afd	ref|XP_015754382.1|	37.102	283	155	9	1	273	1	270	3.25e-39	149	294
Pver_novel_model_46_5de57afd	ref|XP_022804420.1|	70.270	37	11	0	20	56	34	70	3.67e-06	55.8	123
Pver_novel_model_668_5de57afd	ref|XP_015758166.1|	31.169	154	95	5	1	149	1	148	3.86e-09	62.8	151
